<?xml version="1.0" encoding="UTF-8"?>
<!-- Generated by org.testng.reporters.JUnitReportReporter -->
<testsuite hostname="shanmugam-ThinkPad-L480" name="com.qa.tests.DevicesTest" tests="5" failures="0" timestamp="11 Dec 2018 09:31:46 GMT" time="1.631" errors="0">
  <testcase name="CreateNewDevices" time="0.874" classname="com.qa.tests.DevicesTest"/>
  <testcase name="updateCreatedDevice" time="0.201" classname="com.qa.tests.DevicesTest"/>
  <testcase name="createCommentForDevice" time="0.187" classname="com.qa.tests.DevicesTest"/>
  <testcase name="updateCommentForDevice" time="0.188" classname="com.qa.tests.DevicesTest"/>
  <testcase name="getCreateddevice" time="0.181" classname="com.qa.tests.DevicesTest"/>
</testsuite> <!-- com.qa.tests.DevicesTest -->
