<?xml version="1.0" encoding="UTF-8"?>
<!-- Generated by org.testng.reporters.JUnitReportReporter -->
<testsuite hostname="shanmugam-ThinkPad-L480" name="com.qa.tests.GetAPITest" tests="1" failures="0" timestamp="10 Dec 2018 09:30:04 GMT" time="0.573" errors="0">
  <testcase name="getAPITestWithHeaders" time="0.573" classname="com.qa.tests.GetAPITest"/>
</testsuite> <!-- com.qa.tests.GetAPITest -->
