<?xml version="1.0" encoding="UTF-8"?>
<!-- Generated by org.testng.reporters.JUnitReportReporter -->
<testsuite hostname="shanmugam-ThinkPad-L480" name="com.qa.tests.PostAPITest" tests="1" failures="0" timestamp="11 Dec 2018 04:24:58 GMT" time="1.644" errors="0">
  <testcase name="postAPITest" time="1.644" classname="com.qa.tests.PostAPITest"/>
</testsuite> <!-- com.qa.tests.PostAPITest -->
